0 info it worked if it ends with ok
1 verbose cli [ '/opt/node-v6.9.1/bin/node', '/usr/local/bin/npm', 'start' ]
2 info using npm@3.10.8
3 info using node@v6.9.1
4 verbose run-script [ 'prestart', 'start', 'poststart' ]
5 info lifecycle cameroun@0.3.44~prestart: cameroun@0.3.44
6 silly lifecycle cameroun@0.3.44~prestart: no script for prestart, continuing
7 info lifecycle cameroun@0.3.44~start: cameroun@0.3.44
8 verbose lifecycle cameroun@0.3.44~start: unsafe-perm in lifecycle true
9 verbose lifecycle cameroun@0.3.44~start: PATH: /opt/node-v6.9.1/lib/node_modules/npm/bin/node-gyp-bin:/home/tolokoban/Code/github/cameroun/node_modules/.bin:/opt/node-v6.9.1/bin:/opt/emsdk_portable:/home/tolokoban/texlive/2016/bin/x86_64-linux:/usr/local/sbin:/usr/local/bin:/usr/sbin:/usr/bin:/sbin:/bin:/usr/games:/usr/local/games
10 verbose lifecycle cameroun@0.3.44~start: CWD: /home/tolokoban/Code/github/cameroun
11 silly lifecycle cameroun@0.3.44~start: Args: [ '-c', 'nw www' ]
12 silly lifecycle cameroun@0.3.44~start: Returned: code: 1  signal: null
13 info lifecycle cameroun@0.3.44~start: Failed to exec start script
14 verbose stack Error: cameroun@0.3.44 start: `nw www`
14 verbose stack Exit status 1
14 verbose stack     at EventEmitter.<anonymous> (/opt/node-v6.9.1/lib/node_modules/npm/lib/utils/lifecycle.js:255:16)
14 verbose stack     at emitTwo (events.js:106:13)
14 verbose stack     at EventEmitter.emit (events.js:191:7)
14 verbose stack     at ChildProcess.<anonymous> (/opt/node-v6.9.1/lib/node_modules/npm/lib/utils/spawn.js:40:14)
14 verbose stack     at emitTwo (events.js:106:13)
14 verbose stack     at ChildProcess.emit (events.js:191:7)
14 verbose stack     at maybeClose (internal/child_process.js:877:16)
14 verbose stack     at Process.ChildProcess._handle.onexit (internal/child_process.js:226:5)
15 verbose pkgid cameroun@0.3.44
16 verbose cwd /home/tolokoban/Code/github/cameroun
17 error Linux 3.13.0-24-generic
18 error argv "/opt/node-v6.9.1/bin/node" "/usr/local/bin/npm" "start"
19 error node v6.9.1
20 error npm  v3.10.8
21 error code ELIFECYCLE
22 error cameroun@0.3.44 start: `nw www`
22 error Exit status 1
23 error Failed at the cameroun@0.3.44 start script 'nw www'.
23 error Make sure you have the latest version of node.js and npm installed.
23 error If you do, this is most likely a problem with the cameroun package,
23 error not with npm itself.
23 error Tell the author that this fails on your system:
23 error     nw www
23 error You can get information on how to open an issue for this project with:
23 error     npm bugs cameroun
23 error Or if that isn't available, you can get their info via:
23 error     npm owner ls cameroun
23 error There is likely additional logging output above.
24 verbose exit [ 1, true ]
